2024-03-01 09:30:50: INFO - Programa Codefix iniciado com sucesso
2024-03-01 09:31:48: INFO - Programa Codefix iniciado com sucesso
2024-03-01 09:31:51: INFO - Programa Codefix iniciado com sucesso
2024-03-01 09:31:51: WARNING - Repositório teste_sonarqube já criado!
2024-03-01 09:31:51: INFO - Baixando as últimas atualizações do repositório teste_sonarqube
2024-03-01 09:31:53: INFO - Repositório teste_sonarqube atualizado com sucesso
2024-03-01 09:31:53: INFO - Arquivo sonar-project.properties já existe.
2024-03-01 09:32:20: ERROR - Sonar Scanner CLI não executado com sucesso. Verifique o token inserido ou se 
                  o Sonar Scanner CLI está devidamente instalado
2024-03-01 09:32:21: INFO - Resultados do scanner do repositório teste_sonarqube
2024-03-01 09:32:21: INFO - Codigo: bug_java.java	Linha: 3	Issue: Replace this use of System.out or System.err by a logger.
2024-03-01 09:32:21: INFO - Codigo: bug_java.java	Linha: 6	Issue: Remove this useless assignment to local variable "unusedVariable".
2024-03-01 09:32:21: INFO - Codigo: codigo_errado.py	Linha: 4	Issue: Rename function "addBug" to match the regular expression ^[a-z_][a-z0-9_]*$.
2024-03-01 09:32:21: INFO - Codigo: codigo_errado.py	Linha: 10	Issue: Rename function "showVulnerability" to match the regular expression ^[a-z_][a-z0-9_]*$.
2024-03-01 09:32:21: INFO - Codigo: interface.py	Linha: 88	Issue: Remove this commented out code.
2024-03-01 09:32:21: INFO - Codigo: interface.py	Linha: 102	Issue: Remove this commented out code.
2024-03-01 09:32:21: INFO - Codigo: leitor_cnh_versao2.py	Linha: 12	Issue: Remove this commented out code.
2024-03-01 09:32:21: INFO - Codigo: leitor_cnh_versao2.py	Linha: 55	Issue: Remove this commented out code.
2024-03-01 09:32:21: INFO - Codigo: leitor_cnh_versao2.py	Linha: 203	Issue: Remove this commented out code.
2024-03-01 09:32:21: INFO - Codigo: python_bugado.py	Linha: 1	Issue: Rename class "bugClass" to match the regular expression ^_?([A-Z_][a-zA-Z0-9]*|[a-z_][a-z0-9_]*)$.
2024-03-01 09:32:21: INFO - Codigo: python_bugado.py	Linha: 11	Issue: Remove the unused local variable "wrong_name".
2024-03-01 09:32:21: INFO - Codigo: python_bugado.py	Linha: 15	Issue: Remove the unused local variable "name".
2024-03-01 09:32:21: INFO - Codigo: python_bugado.py	Linha: 20	Issue: Merge this if statement with the enclosing one.
2024-03-01 09:32:21: INFO - Codigo: teste_erros.py	Linha: 21	Issue: Rename function "readFile" to match the regular expression ^[a-z_][a-z0-9_]*$.
2024-03-01 09:32:21: INFO - Codigo: teste_erros.py	Linha: 35	Issue: Rename this local variable "largeList" to match the regular expression ^[_a-z][a-z0-9_]*$.
2024-03-01 09:32:22: INFO - Código dos arquivos extraidos com sucesso
2024-03-01 09:33:22: INFO - Arquivo bug_java.java escrito com sucesso
2024-03-01 09:33:22: INFO - Arquivo codigo_errado.py escrito com sucesso
2024-03-01 09:33:22: INFO - Arquivo interface.py escrito com sucesso
2024-03-01 09:33:22: INFO - Arquivo leitor_cnh_versao2.py escrito com sucesso
2024-03-01 09:33:22: INFO - Arquivo python_bugado.py escrito com sucesso
2024-03-01 09:33:22: INFO - Arquivo teste_erros.py escrito com sucesso
